# JRE version: OpenJDK Runtime Environment Temurin-21.0.10+7 (21.0.10+7) (build 21.0.10+7-LTS)
# Java VM: OpenJDK 64-Bit Server VM Temurin-21.0.10+7 (21.0.10+7-LTS, mixed mode, sharing, tiered, compressed oops, compressed class ptrs, parallel gc, windows-amd64)
GC Precious Log:
 CardTable entry size: 512
 CPUs: 12 total, 12 available
 Memory: 7863M
 Large Page Support: Disabled
 NUMA Support: Disabled
 Compressed Oops: Enabled (32-bit)
 Alignments: Space 512K, Generation 512K, Heap 2M
 Heap Min Capacity: 100M
 Heap Initial Capacity: 100M
 Heap Max Capacity: 2G
 Pre-touch: Disabled
 Parallel Workers: 10
Heap:
 PSYoungGen      total 11776K, used 1644K [0x00000000d5580000, 0x00000000d6480000, 0x0000000100000000)
  eden space 11264K, 11% used [0x00000000d5580000,0x00000000d56cb240,0x00000000d6080000)
  from space 512K, 62% used [0x00000000d6380000,0x00000000d63d0000,0x00000000d6400000)
  to   space 512K, 0% used [0x00000000d6400000,0x00000000d6400000,0x00000000d6480000)
 ParOldGen       total 74240K, used 74236K [0x0000000080000000, 0x0000000084880000, 0x00000000d5580000)
  object space 74240K, 99% used [0x0000000080000000,0x000000008487f338,0x0000000084880000)
 Metaspace       used 76783K, committed 78464K, reserved 1179648K
  class space    used 8888K, committed 9600K, reserved 1048576K
GC Heap History (20 events):
Event: 19703.444 GC heap before
{Heap before GC invocations=67 (full 3):
 PSYoungGen      total 13824K, used 11990K [0x00000000d5580000, 0x00000000d6700000, 0x0000000100000000)
  eden space 11264K, 100% used [0x00000000d5580000,0x00000000d6080000,0x00000000d6080000)
  from space 2560K, 28% used [0x00000000d6280000,0x00000000d63359c0,0x00000000d6500000)
  to   space 1024K, 0% used [0x00000000d6600000,0x00000000d6600000,0x00000000d6700000)
 ParOldGen       total 69632K, used 69199K [0x0000000080000000, 0x0000000084400000, 0x00000000d5580000)
  object space 69632K, 99% used [0x0000000080000000,0x0000000084393c60,0x0000000084400000)
 Metaspace       used 71109K, committed 72704K, reserved 1114112K
  class space    used 8337K, committed 9024K, reserved 1048576K
}
Event: 19703.445 GC heap after
{Heap after GC invocations=67 (full 3):
 PSYoungGen      total 12288K, used 1004K [0x00000000d5580000, 0x00000000d6700000, 0x0000000100000000)
  eden space 11264K, 0% used [0x00000000d5580000,0x00000000d5580000,0x00000000d6080000)
  from space 1024K, 98% used [0x00000000d6600000,0x00000000d66fb220,0x00000000d6700000)
  to   space 1536K, 0% used [0x00000000d6400000,0x00000000d6400000,0x00000000d6580000)
 ParOldGen       total 69632K, used 69343K [0x0000000080000000, 0x0000000084400000, 0x00000000d5580000)
  object space 69632K, 99% used [0x0000000080000000,0x00000000843b7c60,0x0000000084400000)
 Metaspace       used 71109K, committed 72704K, reserved 1114112K
  class space    used 8337K, committed 9024K, reserved 1048576K
}
Event: 19703.762 GC heap before
{Heap before GC invocations=68 (full 3):
 PSYoungGen      total 12288K, used 12268K [0x00000000d5580000, 0x00000000d6700000, 0x0000000100000000)
  eden space 11264K, 100% used [0x00000000d5580000,0x00000000d6080000,0x00000000d6080000)
  from space 1024K, 98% used [0x00000000d6600000,0x00000000d66fb220,0x00000000d6700000)
  to   space 1536K, 0% used [0x00000000d6400000,0x00000000d6400000,0x00000000d6580000)
 ParOldGen       total 69632K, used 69343K [0x0000000080000000, 0x0000000084400000, 0x00000000d5580000)
  object space 69632K, 99% used [0x0000000080000000,0x00000000843b7c60,0x0000000084400000)
 Metaspace       used 72691K, committed 74304K, reserved 1179648K
  class space    used 8462K, committed 9152K, reserved 1048576K
}
Event: 19703.765 GC heap after
{Heap after GC invocations=68 (full 3):
 PSYoungGen      total 12800K, used 288K [0x00000000d5580000, 0x00000000d6680000, 0x0000000100000000)
  eden space 11264K, 0% used [0x00000000d5580000,0x00000000d5580000,0x00000000d6080000)
  from space 1536K, 18% used [0x00000000d6400000,0x00000000d6448000,0x00000000d6580000)
  to   space 1024K, 0% used [0x00000000d6580000,0x00000000d6580000,0x00000000d6680000)
 ParOldGen       total 69632K, used 69447K [0x0000000080000000, 0x0000000084400000, 0x00000000d5580000)
  object space 69632K, 99% used [0x0000000080000000,0x00000000843d1c60,0x0000000084400000)
 Metaspace       used 72691K, committed 74304K, reserved 1179648K
  class space    used 8462K, committed 9152K, reserved 1048576K
}
Event: 19704.228 GC heap before
{Heap before GC invocations=69 (full 3):
 PSYoungGen      total 12800K, used 11517K [0x00000000d5580000, 0x00000000d6680000, 0x0000000100000000)
  eden space 11264K, 99% used [0x00000000d5580000,0x00000000d6077570,0x00000000d6080000)
  from space 1536K, 18% used [0x00000000d6400000,0x00000000d6448000,0x00000000d6580000)
  to   space 1024K, 0% used [0x00000000d6580000,0x00000000d6580000,0x00000000d6680000)
 ParOldGen       total 69632K, used 69447K [0x0000000080000000, 0x0000000084400000, 0x00000000d5580000)
  object space 69632K, 99% used [0x0000000080000000,0x00000000843d1c60,0x0000000084400000)
 Metaspace       used 73099K, committed 74688K, reserved 1179648K
  class space    used 8521K, committed 9216K, reserved 1048576K
}
Event: 19704.230 GC heap after
{Heap after GC invocations=69 (full 3):
 PSYoungGen      total 11776K, used 288K [0x00000000d5580000, 0x00000000d6600000, 0x0000000100000000)
  eden space 11264K, 0% used [0x00000000d5580000,0x00000000d5580000,0x00000000d6080000)
  from space 512K, 56% used [0x00000000d6580000,0x00000000d65c8000,0x00000000d6600000)
  to   space 512K, 0% used [0x00000000d6500000,0x00000000d6500000,0x00000000d6580000)
 ParOldGen       total 69632K, used 69575K [0x0000000080000000, 0x0000000084400000, 0x00000000d5580000)
  object space 69632K, 99% used [0x0000000080000000,0x00000000843f1c60,0x0000000084400000)
 Metaspace       used 73099K, committed 74688K, reserved 1179648K
  class space    used 8521K, committed 9216K, reserved 1048576K
}
Event: 19704.617 GC heap before
{Heap before GC invocations=70 (full 3):
 PSYoungGen      total 11776K, used 11552K [0x00000000d5580000, 0x00000000d6600000, 0x0000000100000000)
  eden space 11264K, 100% used [0x00000000d5580000,0x00000000d6080000,0x00000000d6080000)
  from space 512K, 56% used [0x00000000d6580000,0x00000000d65c8000,0x00000000d6600000)
  to   space 512K, 0% used [0x00000000d6500000,0x00000000d6500000,0x00000000d6580000)
 ParOldGen       total 69632K, used 69575K [0x0000000080000000, 0x0000000084400000, 0x00000000d5580000)
  object space 69632K, 99% used [0x0000000080000000,0x00000000843f1c60,0x0000000084400000)
 Metaspace       used 73652K, committed 75264K, reserved 1179648K
  class space    used 8583K, committed 9280K, reserved 1048576K
}
Event: 19704.620 GC heap after
{Heap after GC invocations=70 (full 3):
 PSYoungGen      total 11776K, used 256K [0x00000000d5580000, 0x00000000d6600000, 0x0000000100000000)
  eden space 11264K, 0% used [0x00000000d5580000,0x00000000d5580000,0x00000000d6080000)
  from space 512K, 50% used [0x00000000d6500000,0x00000000d6540000,0x00000000d6580000)
  to   space 512K, 0% used [0x00000000d6580000,0x00000000d6580000,0x00000000d6600000)
 ParOldGen       total 70144K, used 69775K [0x0000000080000000, 0x0000000084480000, 0x00000000d5580000)
  object space 70144K, 99% used [0x0000000080000000,0x0000000084423c60,0x0000000084480000)
 Metaspace       used 73652K, committed 75264K, reserved 1179648K
  class space    used 8583K, committed 9280K, reserved 1048576K
}
Event: 19705.014 GC heap before
{Heap before GC invocations=71 (full 3):
 PSYoungGen      total 11776K, used 11520K [0x00000000d5580000, 0x00000000d6600000, 0x0000000100000000)
  eden space 11264K, 100% used [0x00000000d5580000,0x00000000d6080000,0x00000000d6080000)
  from space 512K, 50% used [0x00000000d6500000,0x00000000d6540000,0x00000000d6580000)
  to   space 512K, 0% used [0x00000000d6580000,0x00000000d6580000,0x00000000d6600000)
 ParOldGen       total 70144K, used 69775K [0x0000000080000000, 0x0000000084480000, 0x00000000d5580000)
  object space 70144K, 99% used [0x0000000080000000,0x0000000084423c60,0x0000000084480000)
 Metaspace       used 74726K, committed 76352K, reserved 1179648K
  class space    used 8674K, committed 9344K, reserved 1048576K
}
Event: 19705.018 GC heap after
{Heap after GC invocations=71 (full 3):
 PSYoungGen      total 11776K, used 480K [0x00000000d5580000, 0x00000000d6600000, 0x0000000100000000)
  eden space 11264K, 0% used [0x00000000d5580000,0x00000000d5580000,0x00000000d6080000)
  from space 512K, 93% used [0x00000000d6580000,0x00000000d65f8000,0x00000000d6600000)
  to   space 1024K, 0% used [0x00000000d6400000,0x00000000d6400000,0x00000000d6500000)
 ParOldGen       total 71168K, used 70740K [0x0000000080000000, 0x0000000084580000, 0x00000000d5580000)
  object space 71168K, 99% used [0x0000000080000000,0x0000000084515170,0x0000000084580000)
 Metaspace       used 74726K, committed 76352K, reserved 1179648K
  class space    used 8674K, committed 9344K, reserved 1048576K
}
Event: 19705.293 GC heap before
{Heap before GC invocations=72 (full 3):
 PSYoungGen      total 11776K, used 11744K [0x00000000d5580000, 0x00000000d6600000, 0x0000000100000000)
  eden space 11264K, 100% used [0x00000000d5580000,0x00000000d6080000,0x00000000d6080000)
  from space 512K, 93% used [0x00000000d6580000,0x00000000d65f8000,0x00000000d6600000)
  to   space 1024K, 0% used [0x00000000d6400000,0x00000000d6400000,0x00000000d6500000)
 ParOldGen       total 71168K, used 70740K [0x0000000080000000, 0x0000000084580000, 0x00000000d5580000)
  object space 71168K, 99% used [0x0000000080000000,0x0000000084515170,0x0000000084580000)
 Metaspace       used 75287K, committed 76928K, reserved 1179648K
  class space    used 8746K, committed 9472K, reserved 1048576K
}
Event: 19705.297 GC heap after
{Heap after GC invocations=72 (full 3):
 PSYoungGen      total 12288K, used 1012K [0x00000000d5580000, 0x00000000d6600000, 0x0000000100000000)
  eden space 11264K, 0% used [0x00000000d5580000,0x00000000d5580000,0x00000000d6080000)
  from space 1024K, 98% used [0x00000000d6400000,0x00000000d64fd2f0,0x00000000d6500000)
  to   space 1024K, 0% used [0x00000000d6500000,0x00000000d6500000,0x00000000d6600000)
 ParOldGen       total 71680K, used 71369K [0x0000000080000000, 0x0000000084600000, 0x00000000d5580000)
  object space 71680K, 99% used [0x0000000080000000,0x00000000845b2470,0x0000000084600000)
 Metaspace       used 75287K, committed 76928K, reserved 1179648K
  class space    used 8746K, committed 9472K, reserved 1048576K
}
Event: 19705.625 GC heap before
{Heap before GC invocations=73 (full 3):
 PSYoungGen      total 12288K, used 12276K [0x00000000d5580000, 0x00000000d6600000, 0x0000000100000000)
  eden space 11264K, 100% used [0x00000000d5580000,0x00000000d6080000,0x00000000d6080000)
  from space 1024K, 98% used [0x00000000d6400000,0x00000000d64fd2f0,0x00000000d6500000)
  to   space 1024K, 0% used [0x00000000d6500000,0x00000000d6500000,0x00000000d6600000)
 ParOldGen       total 71680K, used 71369K [0x0000000080000000, 0x0000000084600000, 0x00000000d5580000)
  object space 71680K, 99% used [0x0000000080000000,0x00000000845b2470,0x0000000084600000)
 Metaspace       used 76242K, committed 77888K, reserved 1179648K
  class space    used 8844K, committed 9536K, reserved 1048576K
}
Event: 19705.631 GC heap after
{Heap after GC invocations=73 (full 3):
 PSYoungGen      total 12288K, used 1018K [0x00000000d5580000, 0x00000000d6680000, 0x0000000100000000)
  eden space 11264K, 0% used [0x00000000d5580000,0x00000000d5580000,0x00000000d6080000)
  from space 1024K, 99% used [0x00000000d6500000,0x00000000d65fe820,0x00000000d6600000)
  to   space 3072K, 0% used [0x00000000d6080000,0x00000000d6080000,0x00000000d6380000)
 ParOldGen       total 73216K, used 72910K [0x0000000080000000, 0x0000000084780000, 0x00000000d5580000)
  object space 73216K, 99% used [0x0000000080000000,0x00000000847338a8,0x0000000084780000)
 Metaspace       used 76242K, committed 77888K, reserved 1179648K
  class space    used 8844K, committed 9536K, reserved 1048576K
}
Event: 19739.212 GC heap before
{Heap before GC invocations=74 (full 3):
 PSYoungGen      total 12288K, used 12282K [0x00000000d5580000, 0x00000000d6680000, 0x0000000100000000)
  eden space 11264K, 100% used [0x00000000d5580000,0x00000000d6080000,0x00000000d6080000)
  from space 1024K, 99% used [0x00000000d6500000,0x00000000d65fe820,0x00000000d6600000)
  to   space 3072K, 0% used [0x00000000d6080000,0x00000000d6080000,0x00000000d6380000)
 ParOldGen       total 73216K, used 72910K [0x0000000080000000, 0x0000000084780000, 0x00000000d5580000)
  object space 73216K, 99% used [0x0000000080000000,0x00000000847338a8,0x0000000084780000)
 Metaspace       used 76600K, committed 78272K, reserved 1179648K
  class space    used 8886K, committed 9600K, reserved 1048576K
}
Event: 19739.221 GC heap after
{Heap after GC invocations=74 (full 3):
 PSYoungGen      total 14336K, used 416K [0x00000000d5580000, 0x00000000d6580000, 0x0000000100000000)
  eden space 11264K, 0% used [0x00000000d5580000,0x00000000d5580000,0x00000000d6080000)
  from space 3072K, 13% used [0x00000000d6080000,0x00000000d60e8000,0x00000000d6380000)
  to   space 1536K, 0% used [0x00000000d6400000,0x00000000d6400000,0x00000000d6580000)
 ParOldGen       total 74240K, used 73903K [0x0000000080000000, 0x0000000084880000, 0x00000000d5580000)
  object space 74240K, 99% used [0x0000000080000000,0x000000008482bd88,0x0000000084880000)
 Metaspace       used 76600K, committed 78272K, reserved 1179648K
  class space    used 8886K, committed 9600K, reserved 1048576K
}
Event: 20688.302 GC heap before
{Heap before GC invocations=75 (full 3):
 PSYoungGen      total 14336K, used 11680K [0x00000000d5580000, 0x00000000d6580000, 0x0000000100000000)
  eden space 11264K, 100% used [0x00000000d5580000,0x00000000d6080000,0x00000000d6080000)
  from space 3072K, 13% used [0x00000000d6080000,0x00000000d60e8000,0x00000000d6380000)
  to   space 1536K, 0% used [0x00000000d6400000,0x00000000d6400000,0x00000000d6580000)
 ParOldGen       total 74240K, used 73903K [0x0000000080000000, 0x0000000084880000, 0x00000000d5580000)
  object space 74240K, 99% used [0x0000000080000000,0x000000008482bd88,0x0000000084880000)
 Metaspace       used 76701K, committed 78336K, reserved 1179648K
  class space    used 8886K, committed 9600K, reserved 1048576K
}
Event: 20688.372 GC heap after
{Heap after GC invocations=75 (full 3):
 PSYoungGen      total 11776K, used 288K [0x00000000d5580000, 0x00000000d6480000, 0x0000000100000000)
  eden space 11264K, 0% used [0x00000000d5580000,0x00000000d5580000,0x00000000d6080000)
  from space 512K, 56% used [0x00000000d6400000,0x00000000d6448000,0x00000000d6480000)
  to   space 512K, 0% used [0x00000000d6380000,0x00000000d6380000,0x00000000d6400000)
 ParOldGen       total 74240K, used 74156K [0x0000000080000000, 0x0000000084880000, 0x00000000d5580000)
  object space 74240K, 99% used [0x0000000080000000,0x000000008486b338,0x0000000084880000)
 Metaspace       used 76701K, committed 78336K, reserved 1179648K
  class space    used 8886K, committed 9600K, reserved 1048576K
}
Event: 21332.716 GC heap before
{Heap before GC invocations=76 (full 3):
 PSYoungGen      total 11776K, used 11552K [0x00000000d5580000, 0x00000000d6480000, 0x0000000100000000)
  eden space 11264K, 100% used [0x00000000d5580000,0x00000000d6080000,0x00000000d6080000)
  from space 512K, 56% used [0x00000000d6400000,0x00000000d6448000,0x00000000d6480000)
  to   space 512K, 0% used [0x00000000d6380000,0x00000000d6380000,0x00000000d6400000)
 ParOldGen       total 74240K, used 74156K [0x0000000080000000, 0x0000000084880000, 0x00000000d5580000)
  object space 74240K, 99% used [0x0000000080000000,0x000000008486b338,0x0000000084880000)
 Metaspace       used 76777K, committed 78464K, reserved 1179648K
  class space    used 8888K, committed 9600K, reserved 1048576K
}
Event: 21332.786 GC heap after
{Heap after GC invocations=76 (full 3):
 PSYoungGen      total 11776K, used 320K [0x00000000d5580000, 0x00000000d6480000, 0x0000000100000000)
  eden space 11264K, 0% used [0x00000000d5580000,0x00000000d5580000,0x00000000d6080000)
  from space 512K, 62% used [0x00000000d6380000,0x00000000d63d0000,0x00000000d6400000)
  to   space 512K, 0% used [0x00000000d6400000,0x00000000d6400000,0x00000000d6480000)
 ParOldGen       total 74240K, used 74236K [0x0000000080000000, 0x0000000084880000, 0x00000000d5580000)
  object space 74240K, 99% used [0x0000000080000000,0x000000008487f338,0x0000000084880000)
 Metaspace       used 76777K, committed 78464K, reserved 1179648K
  class space    used 8888K, committed 9600K, reserved 1048576K
}

